kotlin version: 2.0.0
error message: org.jetbrains.kotlin.backend.common.BackendException: Backend Internal error: Exception during IR lowering
File being compiled: /Users/sasasoyalan/AndroidStudioProjects/ComposeComponents/composecomponents/src/main/java/com/sasasoyalan/composecomponents/components/authview/view/AuthView.kt
The root cause java.lang.RuntimeException was thrown at: org.jetbrains.kotlin.backend.jvm.codegen.FunctionCodegen.generate(FunctionCodegen.kt:50)
	at org.jetbrains.kotlin.backend.common.CodegenUtil.reportBackendException(CodegenUtil.kt:253)
	at org.jetbrains.kotlin.backend.common.CodegenUtil.reportBackendException$default(CodegenUtil.kt:236)
	at org.jetbrains.kotlin.backend.common.phaser.PerformByIrFilePhase.invokeSequential(performByIrFile.kt:65)
	at org.jetbrains.kotlin.backend.common.phaser.PerformByIrFilePhase.invoke(performByIrFile.kt:52)
	at org.jetbrains.kotlin.backend.common.phaser.PerformByIrFilePhase.invoke(performByIrFile.kt:38)
	at org.jetbrains.kotlin.backend.common.phaser.NamedCompilerPhase.phaseBody(CompilerPhase.kt:166)
	at org.jetbrains.kotlin.backend.common.phaser.AbstractNamedCompilerPhase.invoke(CompilerPhase.kt:113)
	at org.jetbrains.kotlin.backend.common.phaser.CompositePhase.invoke(PhaseBuilders.kt:29)
	at org.jetbrains.kotlin.backend.common.phaser.CompositePhase.invoke(PhaseBuilders.kt:16)
	at org.jetbrains.kotlin.backend.common.phaser.NamedCompilerPhase.phaseBody(CompilerPhase.kt:166)
	at org.jetbrains.kotlin.backend.common.phaser.AbstractNamedCompilerPhase.invoke(CompilerPhase.kt:113)
	at org.jetbrains.kotlin.backend.common.phaser.CompilerPhaseKt.invokeToplevel(CompilerPhase.kt:62)
	at org.jetbrains.kotlin.backend.jvm.JvmIrCodegenFactory.invokeCodegen(JvmIrCodegenFactory.kt:371)
	at org.jetbrains.kotlin.codegen.CodegenFactory.generateModule(CodegenFactory.kt:47)
	at org.jetbrains.kotlin.backend.jvm.JvmIrCodegenFactory.generateModuleInFrontendIRMode(JvmIrCodegenFactory.kt:433)
	at org.jetbrains.kotlin.cli.jvm.compiler.pipeline.JvmCompilerPipelineKt.generateCodeFromIr(jvmCompilerPipeline.kt:241)
	at org.jetbrains.kotlin.cli.jvm.compiler.pipeline.JvmCompilerPipelineKt.compileModulesUsingFrontendIrAndLightTree(jvmCompilerPipeline.kt:140)
	at org.jetbrains.kotlin.cli.jvm.K2JVMCompiler.doExecute(K2JVMCompiler.kt:155)
	at org.jetbrains.kotlin.cli.jvm.K2JVMCompiler.doExecute(K2JVMCompiler.kt:50)
	at org.jetbrains.kotlin.cli.common.CLICompiler.execImpl(CLICompiler.kt:104)
	at org.jetbrains.kotlin.cli.common.CLICompiler.execImpl(CLICompiler.kt:48)
	at org.jetbrains.kotlin.cli.common.CLITool.exec(CLITool.kt:101)
	at org.jetbrains.kotlin.incremental.IncrementalJvmCompilerRunner.runCompiler(IncrementalJvmCompilerRunner.kt:453)
	at org.jetbrains.kotlin.incremental.IncrementalJvmCompilerRunner.runCompiler(IncrementalJvmCompilerRunner.kt:62)
	at org.jetbrains.kotlin.incremental.IncrementalCompilerRunner.doCompile(IncrementalCompilerRunner.kt:506)
	at org.jetbrains.kotlin.incremental.IncrementalCompilerRunner.compileImpl(IncrementalCompilerRunner.kt:423)
	at org.jetbrains.kotlin.incremental.IncrementalCompilerRunner.compileNonIncrementally(IncrementalCompilerRunner.kt:301)
	at org.jetbrains.kotlin.incremental.IncrementalCompilerRunner.compile(IncrementalCompilerRunner.kt:129)
	at org.jetbrains.kotlin.daemon.CompileServiceImplBase.execIncrementalCompiler(CompileServiceImpl.kt:676)
	at org.jetbrains.kotlin.daemon.CompileServiceImplBase.access$execIncrementalCompiler(CompileServiceImpl.kt:92)
	at org.jetbrains.kotlin.daemon.CompileServiceImpl.compile(CompileServiceImpl.kt:1661)
	at java.base/jdk.internal.reflect.NativeMethodAccessorImpl.invoke0(Native Method)
	at java.base/jdk.internal.reflect.NativeMethodAccessorImpl.invoke(NativeMethodAccessorImpl.java:77)
	at java.base/jdk.internal.reflect.DelegatingMethodAccessorImpl.invoke(DelegatingMethodAccessorImpl.java:43)
	at java.base/java.lang.reflect.Method.invoke(Method.java:569)
	at java.rmi/sun.rmi.server.UnicastServerRef.dispatch(UnicastServerRef.java:360)
	at java.rmi/sun.rmi.transport.Transport$1.run(Transport.java:200)
	at java.rmi/sun.rmi.transport.Transport$1.run(Transport.java:197)
	at java.base/java.security.AccessController.doPrivileged(AccessController.java:712)
	at java.rmi/sun.rmi.transport.Transport.serviceCall(Transport.java:196)
	at java.rmi/sun.rmi.transport.tcp.TCPTransport.handleMessages(TCPTransport.java:587)
	at java.rmi/sun.rmi.transport.tcp.TCPTransport$ConnectionHandler.run0(TCPTransport.java:828)
	at java.rmi/sun.rmi.transport.tcp.TCPTransport$ConnectionHandler.lambda$run$0(TCPTransport.java:705)
	at java.base/java.security.AccessController.doPrivileged(AccessController.java:399)
	at java.rmi/sun.rmi.transport.tcp.TCPTransport$ConnectionHandler.run(TCPTransport.java:704)
	at java.base/java.util.concurrent.ThreadPoolExecutor.runWorker(ThreadPoolExecutor.java:1136)
	at java.base/java.util.concurrent.ThreadPoolExecutor$Worker.run(ThreadPoolExecutor.java:635)
	at java.base/java.lang.Thread.run(Thread.java:840)
Caused by: java.lang.RuntimeException: Exception while generating code for:
FUN name:AuthView-eQBnUkQ visibility:public modality:FINAL <> (title:kotlin.String, subtitle:kotlin.String, emailPlaceholder:kotlin.String, passwordPlaceholder:kotlin.String, buttonText:kotlin.String, backgroundColor:androidx.compose.ui.graphics.Color, textColor:androidx.compose.ui.graphics.Color, buttonColor:androidx.compose.ui.graphics.Color, buttonTextColor:androidx.compose.ui.graphics.Color, textStyle:androidx.compose.ui.text.TextStyle, emailValidation:kotlin.Function1<kotlin.String, kotlin.Boolean>, passwordValidation:kotlin.Function1<kotlin.String, kotlin.Boolean>, onButtonClick:kotlin.Function2<kotlin.String, kotlin.String, kotlin.Unit>) returnType:kotlin.Unit
  annotations:
    Composable
  VALUE_PARAMETER name:title index:0 type:kotlin.String
  VALUE_PARAMETER name:subtitle index:1 type:kotlin.String
  VALUE_PARAMETER name:emailPlaceholder index:2 type:kotlin.String
  VALUE_PARAMETER name:passwordPlaceholder index:3 type:kotlin.String
  VALUE_PARAMETER name:buttonText index:4 type:kotlin.String
  VALUE_PARAMETER name:backgroundColor index:5 type:androidx.compose.ui.graphics.Color
    EXPRESSION_BODY
      ERROR_EXPR 'Default Stub' type=androidx.compose.ui.graphics.Color
  VALUE_PARAMETER name:textColor index:6 type:androidx.compose.ui.graphics.Color
    EXPRESSION_BODY
      ERROR_EXPR 'Default Stub' type=androidx.compose.ui.graphics.Color
  VALUE_PARAMETER name:buttonColor index:7 type:androidx.compose.ui.graphics.Color
    EXPRESSION_BODY
      ERROR_EXPR 'Default Stub' type=androidx.compose.ui.graphics.Color
  VALUE_PARAMETER name:buttonTextColor index:8 type:androidx.compose.ui.graphics.Color
    EXPRESSION_BODY
      ERROR_EXPR 'Default Stub' type=androidx.compose.ui.graphics.Color
  VALUE_PARAMETER name:textStyle index:9 type:androidx.compose.ui.text.TextStyle
    EXPRESSION_BODY
      ERROR_EXPR 'Default Stub' type=androidx.compose.ui.text.TextStyle
  VALUE_PARAMETER name:emailValidation index:10 type:kotlin.Function1<kotlin.String, kotlin.Boolean>
  VALUE_PARAMETER name:passwordValidation index:11 type:kotlin.Function1<kotlin.String, kotlin.Boolean>
  VALUE_PARAMETER name:onButtonClick index:12 type:kotlin.Function2<kotlin.String, kotlin.String, kotlin.Unit>
  BLOCK_BODY
    VAR PROPERTY_DELEGATE name:email$delegate type:androidx.compose.runtime.MutableState<kotlin.String> [val]
      CALL 'public final fun remember <T> (calculation: @[DisallowComposableCalls] kotlin.Function0<T of androidx.compose.runtime.ComposablesKt.remember>): T of androidx.compose.runtime.ComposablesKt.remember [inline] declared in androidx.compose.runtime.ComposablesKt' type=androidx.compose.runtime.MutableState<kotlin.String> origin=null
        <T>: androidx.compose.runtime.MutableState<kotlin.String>
        calculation: BLOCK type=kotlin.Function0<androidx.compose.runtime.MutableState<kotlin.String>> origin=LAMBDA
          COMPOSITE type=kotlin.Unit origin=null
          FUNCTION_REFERENCE 'private final fun AuthView_eQBnUkQ$lambda$0 (): androidx.compose.runtime.MutableState<kotlin.String> declared in com.sasasoyalan.composecomponents.components.authview.view.AuthViewKt' type=kotlin.Function0<androidx.compose.runtime.MutableState<kotlin.String>> origin=INLINE_LAMBDA reflectionTarget=null
    VAR PROPERTY_DELEGATE name:password$delegate type:androidx.compose.runtime.MutableState<kotlin.String> [val]
      CALL 'public final fun remember <T> (calculation: @[DisallowComposableCalls] kotlin.Function0<T of androidx.compose.runtime.ComposablesKt.remember>): T of androidx.compose.runtime.ComposablesKt.remember [inline] declared in androidx.compose.runtime.ComposablesKt' type=androidx.compose.runtime.MutableState<kotlin.String> origin=null
        <T>: androidx.compose.runtime.MutableState<kotlin.String>
        calculation: BLOCK type=kotlin.Function0<androidx.compose.runtime.MutableState<kotlin.String>> origin=LAMBDA
          COMPOSITE type=kotlin.Unit origin=null
          FUNCTION_REFERENCE 'private final fun AuthView_eQBnUkQ$lambda$3 (): androidx.compose.runtime.MutableState<kotlin.String> declared in com.sasasoyalan.composecomponents.components.authview.view.AuthViewKt' type=kotlin.Function0<androidx.compose.runtime.MutableState<kotlin.String>> origin=INLINE_LAMBDA reflectionTarget=null
    VAR PROPERTY_DELEGATE name:emailError$delegate type:androidx.compose.runtime.MutableState<kotlin.String?> [val]
      CALL 'public final fun remember <T> (calculation: @[DisallowComposableCalls] kotlin.Function0<T of androidx.compose.runtime.ComposablesKt.remember>): T of androidx.compose.runtime.ComposablesKt.remember [inline] declared in androidx.compose.runtime.ComposablesKt' type=androidx.compose.runtime.MutableState<kotlin.String?> origin=null
        <T>: androidx.compose.runtime.MutableState<kotlin.String?>
        calculation: BLOCK type=kotlin.Function0<androidx.compose.runtime.MutableState<kotlin.String?>> origin=LAMBDA
          COMPOSITE type=kotlin.Unit origin=null
          FUNCTION_REFERENCE 'private final fun AuthView_eQBnUkQ$lambda$6 (): androidx.compose.runtime.MutableState<kotlin.String?> declared in com.sasasoyalan.composecomponents.components.authview.view.AuthViewKt' type=kotlin.Function0<androidx.compose.runtime.MutableState<kotlin.String?>> origin=INLINE_LAMBDA reflectionTarget=null
    VAR PROPERTY_DELEGATE name:passwordError$delegate type:androidx.compose.runtime.MutableState<kotlin.String?> [val]
      CALL 'public final fun remember <T> (calculation: @[DisallowComposableCalls] kotlin.Function0<T of androidx.compose.runtime.ComposablesKt.remember>): T of androidx.compose.runtime.ComposablesKt.remember [inline] declared in androidx.compose.runtime.ComposablesKt' type=androidx.compose.runtime.MutableState<kotlin.String?> origin=null
        <T>: androidx.compose.runtime.MutableState<kotlin.String?>
        calculation: BLOCK type=kotlin.Function0<androidx.compose.runtime.MutableState<kotlin.String?>> origin=LAMBDA
          COMPOSITE type=kotlin.Unit origin=null
          FUNCTION_REFERENCE 'private final fun AuthView_eQBnUkQ$lambda$9 (): androidx.compose.runtime.MutableState<kotlin.String?> declared in com.sasasoyalan.composecomponents.components.authview.view.AuthViewKt' type=kotlin.Function0<androidx.compose.runtime.MutableState<kotlin.String?>> origin=INLINE_LAMBDA reflectionTarget=null
    VAR name:isFormValid type:kotlin.Boolean [val]
      CALL 'public final fun ANDAND (arg0: kotlin.Boolean, arg1: kotlin.Boolean): kotlin.Boolean declared in kotlin.internal.ir' type=kotlin.Boolean origin=null
        arg0: CALL 'public abstract fun invoke (p1: P1 of kotlin.Function1): R of kotlin.Function1 [operator] declared in kotlin.Function1' type=kotlin.Boolean origin=INVOKE
          $this: GET_VAR 'emailValidation: kotlin.Function1<kotlin.String, kotlin.Boolean> declared in com.sasasoyalan.composecomponents.components.authview.view.AuthViewKt.AuthView-eQBnUkQ' type=kotlin.Function1<kotlin.String, kotlin.Boolean> origin=VARIABLE_AS_FUNCTION
          p1: CALL 'private final fun AuthView_eQBnUkQ$lambda$1 ($email$delegate: androidx.compose.runtime.MutableState<kotlin.String>): kotlin.String declared in com.sasasoyalan.composecomponents.components.authview.view.AuthViewKt' type=kotlin.String origin=GET_LOCAL_PROPERTY
            $email$delegate: GET_VAR 'val email$delegate: androidx.compose.runtime.MutableState<kotlin.String> [val] declared in com.sasasoyalan.composecomponents.components.authview.view.AuthViewKt.AuthView-eQBnUkQ' type=androidx.compose.runtime.MutableState<kotlin.String> origin=null
        arg1: CALL 'public abstract fun invoke (p1: P1 of kotlin.Function1): R of kotlin.Function1 [operator] declared in kotlin.Function1' type=kotlin.Boolean origin=INVOKE
          $this: GET_VAR 'passwordValidation: kotlin.Function1<kotlin.String, kotlin.Boolean> declared in com.sasasoyalan.composecomponents.components.authview.view.AuthViewKt.AuthView-eQBnUkQ' type=kotlin.Function1<kotlin.String, kotlin.Boolean> origin=VARIABLE_AS_FUNCTION
          p1: CALL 'private final fun AuthView_eQBnUkQ$lambda$4 ($password$delegate: androidx.compose.runtime.MutableState<kotlin.String>): kotlin.String declared in com.sasasoyalan.composecomponents.components.authview.view.AuthViewKt' type=kotlin.String origin=GET_LOCAL_PROPERTY
            $password$delegate: GET_VAR 'val password$delegate: androidx.compose.runtime.MutableState<kotlin.String> [val] declared in com.sasasoyalan.composecomponents.components.authview.view.AuthViewKt.AuthView-eQBnUkQ' type=androidx.compose.runtime.MutableState<kotlin.String> origin=null
    CALL 'public final fun Box$default (modifier: androidx.compose.ui.Modifier?, contentAlignment: androidx.compose.ui.Alignment?, propagateMinConstraints: kotlin.Boolean, content: @[Composable] @[ExtensionFunctionType] kotlin.Function1<androidx.compose.foundation.layout.BoxScope, kotlin.Unit>, $mask0: kotlin.Int, $handler: kotlin.Any?): kotlin.Unit [inline] declared in androidx.compose.foundation.layout.BoxKt' type=kotlin.Unit origin=DEFAULT_DISPATCH_CALL
      modifier: CALL 'public final fun background-bw27NRU$default (color: androidx.compose.ui.graphics.Color, shape: androidx.compose.ui.graphics.Shape?, $mask0: kotlin.Int, $handler: kotlin.Any?): androidx.compose.ui.Modifier declared in androidx.compose.foundation.BackgroundKt' type=androidx.compose.ui.Modifier origin=DEFAULT_DISPATCH_CALL
        $receiver: CALL 'public final fun padding-3ABfNKs (all: androidx.compose.ui.unit.Dp): androidx.compose.ui.Modifier declared in androidx.compose.foundation.layout.PaddingKt' type=androidx.compose.ui.Modifier origin=null
          $receiver: CALL 'public final fun fillMaxSize$default (fraction: kotlin.Float, $mask0: kotlin.Int, $handler: kotlin.Any?): androidx.compose.ui.Modifier declared in androidx.compose.foundation.layout.SizeKt' type=androidx.compose.ui.Modifier origin=DEFAULT_DISPATCH_CALL
            $receiver: GET_FIELD 'FIELD FIELD_FOR_OBJECT_INSTANCE name:Companion type:androidx.compose.ui.Modifier.Companion visibility:public [final,static]' type=androidx.compose.ui.Modifier.Companion origin=null
            fraction: COMPOSITE type=kotlin.Float origin=DEFAULT_VALUE
              CONST Float type=kotlin.Float value=0.0
            $mask0: CONST Int type=kotlin.Int value=1
            $handler: CONST Null type=kotlin.Any? value=null
          all: CALL 'public final fun <get-dp> (): androidx.compose.ui.unit.Dp [inline] declared in androidx.compose.ui.unit.DpKt' type=androidx.compose.ui.unit.Dp origin=GET_PROPERTY
            $receiver: CONST Int type=kotlin.Int value=16
        color: GET_VAR 'backgroundColor: androidx.compose.ui.graphics.Color declared in com.sasasoyalan.composecomponents.components.authview.view.AuthViewKt.AuthView-eQBnUkQ' type=androidx.compose.ui.graphics.Color origin=null
        shape: COMPOSITE type=androidx.compose.ui.graphics.Shape? origin=DEFAULT_VALUE
          CONST Null type=androidx.compose.ui.graphics.Shape? value=null
        $mask0: CONST Int type=kotlin.Int value=2
        $handler: CONST Null type=kotlin.Any? value=null
      contentAlignment: CALL 'public final fun <get-Center> (): androidx.compose.ui.Alignment declared in androidx.compose.ui.Alignment.Companion' type=androidx.compose.ui.Alignment origin=GET_PROPERTY
        $this: GET_FIELD 'FIELD FIELD_FOR_OBJECT_INSTANCE name:Companion type:androidx.compose.ui.Alignment.Companion visibility:public [final,static]' type=androidx.compose.ui.Alignment.Companion origin=null
      propagateMinConstraints: COMPOSITE type=kotlin.Boolean origin=DEFAULT_VALUE
        CONST Boolean type=kotlin.Boolean value=false
      content: BLOCK type=@[ExtensionFunctionType] kotlin.Function1<androidx.compose.foundation.layout.BoxScope, kotlin.Unit> origin=LAMBDA
        COMPOSITE type=kotlin.Unit origin=null
        FUNCTION_REFERENCE 'private final fun AuthView_eQBnUkQ$lambda$19 ($title: kotlin.String, $textColor: androidx.compose.ui.graphics.Color, $textStyle: androidx.compose.ui.text.TextStyle, $subtitle: kotlin.String, $buttonColor: androidx.compose.ui.graphics.Color, $isFormValid: kotlin.Boolean, $email$delegate: androidx.compose.runtime.MutableState<kotlin.String>, $emailError$delegate: androidx.compose.runtime.MutableState<kotlin.String?>, $emailValidation: kotlin.Function1<kotlin.String, kotlin.Boolean>, $emailPlaceholder: kotlin.String, $password$delegate: androidx.compose.runtime.MutableState<kotlin.String>, $passwordError$delegate: androidx.compose.runtime.MutableState<kotlin.String?>, $passwordValidation: kotlin.Function1<kotlin.String, kotlin.Boolean>, $passwordPlaceholder: kotlin.String, $onButtonClick: kotlin.Function2<kotlin.String, kotlin.String, kotlin.Unit>, $buttonText: kotlin.String, $buttonTextColor: androidx.compose.ui.graphics.Color): kotlin.Unit declared in com.sasasoyalan.composecomponents.components.authview.view.AuthViewKt' type=@[ExtensionFunctionType] kotlin.Function1<androidx.compose.foundation.layout.BoxScope, kotlin.Unit> origin=INLINE_LAMBDA reflectionTarget=null
          $title: GET_VAR 'title: kotlin.String declared in com.sasasoyalan.composecomponents.components.authview.view.AuthViewKt.AuthView-eQBnUkQ' type=kotlin.String origin=null
          $textColor: GET_VAR 'textColor: androidx.compose.ui.graphics.Color declared in com.sasasoyalan.composecomponents.components.authview.view.AuthViewKt.AuthView-eQBnUkQ' type=androidx.compose.ui.graphics.Color origin=null
          $textStyle: GET_VAR 'textStyle: androidx.compose.ui.text.TextStyle declared in com.sasasoyalan.composecomponents.components.authview.view.AuthViewKt.AuthView-eQBnUkQ' type=androidx.compose.ui.text.TextStyle origin=null
          $subtitle: GET_VAR 'subtitle: kotlin.String declared in com.sasasoyalan.composecomponents.components.authview.view.AuthViewKt.AuthView-eQBnUkQ' type=kotlin.String origin=null
          $buttonColor: GET_VAR 'buttonColor: androidx.compose.ui.graphics.Color declared in com.sasasoyalan.composecomponents.components.authview.view.AuthViewKt.AuthView-eQBnUkQ' type=androidx.compose.ui.graphics.Color origin=null
          $isFormValid: GET_VAR 'val isFormValid: kotlin.Boolean [val] declared in com.sasasoyalan.composecomponents.components.authview.view.AuthViewKt.AuthView-eQBnUkQ' type=kotlin.Boolean origin=null
          $email$delegate: GET_VAR 'val email$delegate: androidx.compose.runtime.MutableState<kotlin.String> [val] declared in com.sasasoyalan.composecomponents.components.authview.view.AuthViewKt.AuthView-eQBnUkQ' type=androidx.compose.runtime.MutableState<kotlin.String> origin=null
          $emailError$delegate: GET_VAR 'val emailError$delegate: androidx.compose.runtime.MutableState<kotlin.String?> [val] declared in com.sasasoyalan.composecomponents.components.authview.view.AuthViewKt.AuthView-eQBnUkQ' type=androidx.compose.runtime.MutableState<kotlin.String?> origin=null
          $emailValidation: GET_VAR 'emailValidation: kotlin.Function1<kotlin.String, kotlin.Boolean> declared in com.sasasoyalan.composecomponents.components.authview.view.AuthViewKt.AuthView-eQBnUkQ' type=kotlin.Function1<kotlin.String, kotlin.Boolean> origin=null
          $emailPlaceholder: GET_VAR 'emailPlaceholder: kotlin.String declared in com.sasasoyalan.composecomponents.components.authview.view.AuthViewKt.AuthView-eQBnUkQ' type=kotlin.String origin=null
          $password$delegate: GET_VAR 'val password$delegate: androidx.compose.runtime.MutableState<kotlin.String> [val] declared in com.sasasoyalan.composecomponents.components.authview.view.AuthViewKt.AuthView-eQBnUkQ' type=androidx.compose.runtime.MutableState<kotlin.String> origin=null
          $passwordError$delegate: GET_VAR 'val passwordError$delegate: androidx.compose.runtime.MutableState<kotlin.String?> [val] declared in com.sasasoyalan.composecomponents.components.authview.view.AuthViewKt.AuthView-eQBnUkQ' type=androidx.compose.runtime.MutableState<kotlin.String?> origin=null
          $passwordValidation: GET_VAR 'passwordValidation: kotlin.Function1<kotlin.String, kotlin.Boolean> declared in com.sasasoyalan.composecomponents.components.authview.view.AuthViewKt.AuthView-eQBnUkQ' type=kotlin.Function1<kotlin.String, kotlin.Boolean> origin=null
          $passwordPlaceholder: GET_VAR 'passwordPlaceholder: kotlin.String declared in com.sasasoyalan.composecomponents.components.authview.view.AuthViewKt.AuthView-eQBnUkQ' type=kotlin.String origin=null
          $onButtonClick: GET_VAR 'onButtonClick: kotlin.Function2<kotlin.String, kotlin.String, kotlin.Unit> declared in com.sasasoyalan.composecomponents.components.authview.view.AuthViewKt.AuthView-eQBnUkQ' type=kotlin.Function2<kotlin.String, kotlin.String, kotlin.Unit> origin=null
          $buttonText: GET_VAR 'buttonText: kotlin.String declared in com.sasasoyalan.composecomponents.components.authview.view.AuthViewKt.AuthView-eQBnUkQ' type=kotlin.String origin=null
          $buttonTextColor: GET_VAR 'buttonTextColor: androidx.compose.ui.graphics.Color declared in com.sasasoyalan.composecomponents.components.authview.view.AuthViewKt.AuthView-eQBnUkQ' type=androidx.compose.ui.graphics.Color origin=null
      $mask0: CONST Int type=kotlin.Int value=4
      $handler: CONST Null type=kotlin.Any? value=null

	at org.jetbrains.kotlin.backend.jvm.codegen.FunctionCodegen.generate(FunctionCodegen.kt:50)
	at org.jetbrains.kotlin.backend.jvm.codegen.FunctionCodegen.generate$default(FunctionCodegen.kt:42)
	at org.jetbrains.kotlin.backend.jvm.codegen.ClassCodegen.generateMethodNode(ClassCodegen.kt:385)
	at org.jetbrains.kotlin.backend.jvm.codegen.ClassCodegen.generateMethod(ClassCodegen.kt:402)
	at org.jetbrains.kotlin.backend.jvm.codegen.ClassCodegen.generate(ClassCodegen.kt:169)
	at org.jetbrains.kotlin.backend.jvm.FileCodegen.lower(JvmPhases.kt:41)
	at org.jetbrains.kotlin.backend.common.phaser.PhaseBuildersKt.makeIrFilePhase$lambda$5(PhaseBuilders.kt:114)
	at org.jetbrains.kotlin.backend.common.phaser.PhaseBuildersKt$createSimpleNamedCompilerPhase$1.phaseBody(PhaseBuilders.kt:71)
	at org.jetbrains.kotlin.backend.common.phaser.SimpleNamedCompilerPhase.phaseBody(CompilerPhase.kt:226)
	at org.jetbrains.kotlin.backend.common.phaser.AbstractNamedCompilerPhase.invoke(CompilerPhase.kt:113)
	at org.jetbrains.kotlin.backend.common.phaser.PerformByIrFilePhase.invokeSequential(performByIrFile.kt:62)
	... 45 more
Caused by: org.jetbrains.kotlin.codegen.CompilationException: Back-end (JVM) Internal error: Couldn't inline method call: CALL 'public final fun remember <T> (calculation: @[DisallowComposableCalls] kotlin.Function0<T of androidx.compose.runtime.ComposablesKt.remember>): T of androidx.compose.runtime.ComposablesKt.remember [inline] declared in androidx.compose.runtime.ComposablesKt' type=androidx.compose.runtime.MutableState<kotlin.String> origin=null
Method: null
File is unknown
The root cause java.lang.IllegalStateException was thrown at: org.jetbrains.kotlin.codegen.inline.SourceCompilerForInlineKt.getMethodNode(SourceCompilerForInline.kt:118)
	at org.jetbrains.kotlin.codegen.inline.InlineCodegen.performInline(InlineCodegen.kt:65)
	at org.jetbrains.kotlin.backend.jvm.codegen.IrInlineCodegen.genInlineCall(IrInlineCodegen.kt:162)
	at org.jetbrains.kotlin.backend.jvm.codegen.IrInlineCallGenerator.genCall(IrInlineCallGenerator.kt:36)
	at org.jetbrains.kotlin.backend.jvm.codegen.ExpressionCodegen.visitCall(ExpressionCodegen.kt:647)
	at org.jetbrains.kotlin.backend.jvm.codegen.ExpressionCodegen.visitCall(ExpressionCodegen.kt:137)
	at org.jetbrains.kotlin.ir.expressions.IrCall.accept(IrCall.kt:24)
	at org.jetbrains.kotlin.backend.jvm.codegen.ExpressionCodegen.visitVariable(ExpressionCodegen.kt:784)
	at org.jetbrains.kotlin.backend.jvm.codegen.ExpressionCodegen.visitVariable(ExpressionCodegen.kt:137)
	at org.jetbrains.kotlin.ir.declarations.IrVariable.accept(IrVariable.kt:36)
	at org.jetbrains.kotlin.backend.jvm.codegen.ExpressionCodegen.visitStatementContainer(ExpressionCodegen.kt:573)
	at org.jetbrains.kotlin.backend.jvm.codegen.ExpressionCodegen.visitBlockBody(ExpressionCodegen.kt:578)
	at org.jetbrains.kotlin.backend.jvm.codegen.ExpressionCodegen.visitBlockBody(ExpressionCodegen.kt:137)
	at org.jetbrains.kotlin.ir.expressions.IrBlockBody.accept(IrBlockBody.kt:20)
	at org.jetbrains.kotlin.backend.jvm.codegen.ExpressionCodegen.generate(ExpressionCodegen.kt:239)
	at org.jetbrains.kotlin.backend.jvm.codegen.FunctionCodegen.doGenerate(FunctionCodegen.kt:121)
	at org.jetbrains.kotlin.backend.jvm.codegen.FunctionCodegen.generate(FunctionCodegen.kt:46)
	... 55 more
Caused by: java.lang.IllegalStateException: couldn't find inline method Landroidx/compose/runtime/ComposablesKt;.remember(Lkotlin/jvm/functions/Function0;)Ljava/lang/Object;
	at org.jetbrains.kotlin.codegen.inline.SourceCompilerForInlineKt.getMethodNode(SourceCompilerForInline.kt:118)
	at org.jetbrains.kotlin.codegen.inline.SourceCompilerForInlineKt.loadCompiledInlineFunction(SourceCompilerForInline.kt:96)
	at org.jetbrains.kotlin.backend.jvm.codegen.IrSourceCompilerForInline.compileInlineFunction(IrSourceCompilerForInline.kt:91)
	at org.jetbrains.kotlin.codegen.inline.InlineCodegen.compileInline(InlineCodegen.kt:43)
	at org.jetbrains.kotlin.codegen.inline.InlineCodegen.performInline(InlineCodegen.kt:51)
	... 70 more


